// Paebiru ML Library - LIS Module
// LIS - Language for Intelligent Systems
// Multimodal, multiplataform, multi-hardware, edge-native AI model

use core::bytesil::{bs_mag, bs_from_mag_clamped};

// =============================================================================
// Modalities (L0-LF)
// =============================================================================

// Perception modalities (L0-L4)
pub fn MOD_PHOTONIC() -> Int { return 0; }      // L0: Visual
pub fn MOD_ACOUSTIC() -> Int { return 1; }      // L1: Audio
pub fn MOD_OLFACTORY() -> Int { return 2; }     // L2: Smell
pub fn MOD_GUSTATORY() -> Int { return 3; }     // L3: Taste
pub fn MOD_DERMIC() -> Int { return 4; }        // L4: Touch

// Processing modalities (L5-L7)
pub fn MOD_ELECTRONIC() -> Int { return 5; }    // L5: Signals
pub fn MOD_PSYCHOMOTOR() -> Int { return 6; }   // L6: Movement
pub fn MOD_ENVIRONMENTAL() -> Int { return 7; } // L7: Context

// Interaction modalities (L8-LA)
pub fn MOD_CYBERNETIC() -> Int { return 8; }    // L8: Digital systems
pub fn MOD_GEOPOLITICAL() -> Int { return 9; }  // L9: Social context
pub fn MOD_COSMOPOLITICAL() -> Int { return 10; } // LA: Global context

// Emergence modalities (LB-LC)
pub fn MOD_SYNERGIC() -> Int { return 11; }     // LB: Combined effects
pub fn MOD_QUANTUM() -> Int { return 12; }      // LC: Quantum effects

// Meta modalities (LD-LF)
pub fn MOD_SUPERPOSITION() -> Int { return 13; }  // LD: Multiple states
pub fn MOD_ENTANGLEMENT() -> Int { return 14; }   // LE: Correlated states
pub fn MOD_COLLAPSE() -> Int { return 15; }       // LF: State resolution

// =============================================================================
// Modality Groups
// =============================================================================

pub fn GROUP_PERCEPTION() -> Int { return 0; }   // L0-L4
pub fn GROUP_PROCESSING() -> Int { return 1; }   // L5-L7
pub fn GROUP_INTERACTION() -> Int { return 2; }  // L8-LA
pub fn GROUP_EMERGENCE() -> Int { return 3; }    // LB-LC
pub fn GROUP_META() -> Int { return 4; }         // LD-LF

// Get modality group
pub fn modality_group(modality: Int) -> Int {
    if modality <= 4 { return GROUP_PERCEPTION(); }
    if modality <= 7 { return GROUP_PROCESSING(); }
    if modality <= 10 { return GROUP_INTERACTION(); }
    if modality <= 12 { return GROUP_EMERGENCE(); }
    return GROUP_META();
}

// =============================================================================
// LIS Config
// =============================================================================

// LIS config state layout:
// Layer 0: version major
// Layer 1: version minor
// Layer 2: active modalities count
// Layers 3-15: modality enable flags

// Create LIS config
pub fn lis_config_create(version_major: Int, version_minor: Int) -> State {
    let config = state_vacuum();

    let config = state_set_layer(config, 0, bs_from_mag_clamped(float_from_int(version_major) / 16.0));
    let config = state_set_layer(config, 1, bs_from_mag_clamped(float_from_int(version_minor) / 256.0));

    return config;
}

// Enable modality
pub fn lis_enable_modality(config: State, modality: Int) -> State {
    if modality < 0 { return config; }
    if modality > 12 { return config; }  // Only 0-12 configurable

    let layer = modality + 3;
    let config = state_set_layer(config, layer, bs_from_mag_clamped(1.0));

    // Update count
    let count = bs_mag(state_get_layer(config, 2)) * 16.0 + 1.0;
    return state_set_layer(config, 2, bs_from_mag_clamped(count / 16.0));
}

// Disable modality
pub fn lis_disable_modality(config: State, modality: Int) -> State {
    if modality < 0 { return config; }
    if modality > 12 { return config; }

    let layer = modality + 3;
    let was_enabled = bs_mag(state_get_layer(config, layer)) > 0.5;

    let config = state_set_layer(config, layer, bs_from_mag_clamped(0.0));

    if was_enabled {
        let count = bs_mag(state_get_layer(config, 2)) * 16.0 - 1.0;
        if count < 0.0 { let count = 0.0; }
        let config = state_set_layer(config, 2, bs_from_mag_clamped(count / 16.0));
    }

    return config;
}

// Check if modality is enabled
pub fn lis_modality_enabled(config: State, modality: Int) -> Bool {
    if modality < 0 { return false; }
    if modality > 12 { return false; }

    let layer = modality + 3;
    return bs_mag(state_get_layer(config, layer)) > 0.5;
}

// Get active modality count
pub fn lis_active_count(config: State) -> Int {
    return int_from_float(bs_mag(state_get_layer(config, 2)) * 16.0);
}

// =============================================================================
// Default Configurations
// =============================================================================

// Electronic-only config (minimal)
pub fn lis_config_minimal() -> State {
    let config = lis_config_create(2026, 1);
    return lis_enable_modality(config, MOD_ELECTRONIC());
}

// Standard config (perception + processing)
pub fn lis_config_standard() -> State {
    let config = lis_config_create(2026, 1);

    let config = lis_enable_modality(config, MOD_PHOTONIC());
    let config = lis_enable_modality(config, MOD_ACOUSTIC());
    let config = lis_enable_modality(config, MOD_ELECTRONIC());
    let config = lis_enable_modality(config, MOD_PSYCHOMOTOR());
    let config = lis_enable_modality(config, MOD_ENVIRONMENTAL());

    return config;
}

// Full multimodal config
pub fn lis_config_full() -> State {
    let config = lis_config_create(2026, 1);

    let config = lis_enable_modality(config, MOD_PHOTONIC());
    let config = lis_enable_modality(config, MOD_ACOUSTIC());
    let config = lis_enable_modality(config, MOD_OLFACTORY());
    let config = lis_enable_modality(config, MOD_GUSTATORY());
    let config = lis_enable_modality(config, MOD_DERMIC());
    let config = lis_enable_modality(config, MOD_ELECTRONIC());
    let config = lis_enable_modality(config, MOD_PSYCHOMOTOR());
    let config = lis_enable_modality(config, MOD_ENVIRONMENTAL());
    let config = lis_enable_modality(config, MOD_CYBERNETIC());
    let config = lis_enable_modality(config, MOD_GEOPOLITICAL());
    let config = lis_enable_modality(config, MOD_COSMOPOLITICAL());
    let config = lis_enable_modality(config, MOD_SYNERGIC());
    let config = lis_enable_modality(config, MOD_QUANTUM());

    return config;
}

// =============================================================================
// Modality Projection
// =============================================================================

// Project State to specific modality layer
pub fn lis_project_modality(s: State, modality: Int) -> State {
    // Use SIL native projection
    return state_project(s, modality);
}

// Combine multiple modality projections
pub fn lis_combine_modalities(m0: State, m1: State) -> State {
    return state_xor(m0, m1);
}

pub fn lis_combine_3(m0: State, m1: State, m2: State) -> State {
    let c01 = state_xor(m0, m1);
    return state_xor(c01, m2);
}

// =============================================================================
// Model Forward
// =============================================================================

// Simple LIS forward pass (placeholder)
// In full implementation, would route through enabled modalities
pub fn lis_forward(input: State, config: State) -> State {
    // Passthrough for now
    return input;
}

