// Paebiru ML Library - MLOps Module
// Model lifecycle management

use core::bytesil::{bs_mag, bs_from_mag_clamped};

// =============================================================================
// Model Registry
// =============================================================================

// Model version state layout:
// Layer 0: version number
// Layer 1: created_at (normalized)
// Layer 2: checksum (partial)
// Layer 3: status (0=draft, 1=staging, 2=production, 3=archived)
// Layer 4: metrics (accuracy)
// Layer 5: metrics (loss)

// Model status
pub fn STATUS_DRAFT() -> Int { return 0; }
pub fn STATUS_STAGING() -> Int { return 1; }
pub fn STATUS_PRODUCTION() -> Int { return 2; }
pub fn STATUS_ARCHIVED() -> Int { return 3; }

// Create model version
pub fn model_version_create(version: Int, created_at: Float, checksum: Int) -> State {
    let mv = state_vacuum();

    let mv = state_set_layer(mv, 0, bs_from_mag_clamped(float_from_int(version % 1000) / 1000.0));
    let mv = state_set_layer(mv, 1, bs_from_mag_clamped(created_at / 1e12));
    let mv = state_set_layer(mv, 2, bs_from_mag_clamped(float_from_int(checksum % 65536) / 65536.0));
    let mv = state_set_layer(mv, 3, bs_from_mag_clamped(0.0));  // Draft by default

    return mv;
}

// Set model metrics
pub fn model_version_set_metrics(mv: State, accuracy: Float, loss: Float) -> State {
    let mv = state_set_layer(mv, 4, bs_from_mag_clamped(clamp_float(accuracy, 0.0, 1.0)));
    let mv = state_set_layer(mv, 5, bs_from_mag_clamped(clamp_float(loss, 0.0, 10.0) / 10.0));
    return mv;
}

// Set model status
pub fn model_version_set_status(mv: State, status: Int) -> State {
    return state_set_layer(mv, 3, bs_from_mag_clamped(float_from_int(status) / 4.0));
}

// Extract model version fields
pub fn mv_version(mv: State) -> Int {
    return int_from_float(bs_mag(state_get_layer(mv, 0)) * 1000.0);
}

pub fn mv_created_at(mv: State) -> Float {
    return bs_mag(state_get_layer(mv, 1)) * 1e12;
}

pub fn mv_checksum(mv: State) -> Int {
    return int_from_float(bs_mag(state_get_layer(mv, 2)) * 65536.0);
}

pub fn mv_status(mv: State) -> Int {
    return int_from_float(bs_mag(state_get_layer(mv, 3)) * 4.0);
}

pub fn mv_accuracy(mv: State) -> Float {
    return bs_mag(state_get_layer(mv, 4));
}

pub fn mv_loss(mv: State) -> Float {
    return bs_mag(state_get_layer(mv, 5)) * 10.0;
}

// =============================================================================
// A/B Testing
// =============================================================================

// A/B test state layout:
// Layer 0: test_id (normalized)
// Layer 1: variant_a_traffic (0.0-1.0)
// Layer 2: variant_a_conversions (normalized)
// Layer 3: variant_a_impressions (normalized)
// Layer 4: variant_b_conversions (normalized)
// Layer 5: variant_b_impressions (normalized)
// Layer 6: active flag

// Create A/B test
pub fn ab_test_create(test_id: Int, variant_a_traffic: Float) -> State {
    let ab = state_vacuum();

    let ab = state_set_layer(ab, 0, bs_from_mag_clamped(float_from_int(test_id % 256) / 256.0));
    let ab = state_set_layer(ab, 1, bs_from_mag_clamped(clamp_float(variant_a_traffic, 0.0, 1.0)));
    let ab = state_set_layer(ab, 6, bs_from_mag_clamped(1.0));  // Active by default

    return ab;
}

// Record conversion for variant A
pub fn ab_record_a_conversion(ab: State) -> State {
    let conv = bs_mag(state_get_layer(ab, 2));
    let imp = bs_mag(state_get_layer(ab, 3));
    let ab = state_set_layer(ab, 2, bs_from_mag_clamped(conv + 1.0 / 10000.0));
    let ab = state_set_layer(ab, 3, bs_from_mag_clamped(imp + 1.0 / 10000.0));
    return ab;
}

// Record impression for variant A
pub fn ab_record_a_impression(ab: State) -> State {
    let imp = bs_mag(state_get_layer(ab, 3));
    return state_set_layer(ab, 3, bs_from_mag_clamped(imp + 1.0 / 10000.0));
}

// Record conversion for variant B
pub fn ab_record_b_conversion(ab: State) -> State {
    let conv = bs_mag(state_get_layer(ab, 4));
    let imp = bs_mag(state_get_layer(ab, 5));
    let ab = state_set_layer(ab, 4, bs_from_mag_clamped(conv + 1.0 / 10000.0));
    let ab = state_set_layer(ab, 5, bs_from_mag_clamped(imp + 1.0 / 10000.0));
    return ab;
}

// Record impression for variant B
pub fn ab_record_b_impression(ab: State) -> State {
    let imp = bs_mag(state_get_layer(ab, 5));
    return state_set_layer(ab, 5, bs_from_mag_clamped(imp + 1.0 / 10000.0));
}

// Get conversion rate for variant A
pub fn ab_rate_a(ab: State) -> Float {
    let conv = bs_mag(state_get_layer(ab, 2)) * 10000.0;
    let imp = bs_mag(state_get_layer(ab, 3)) * 10000.0;
    if imp < 1.0 { return 0.0; }
    return conv / imp;
}

// Get conversion rate for variant B
pub fn ab_rate_b(ab: State) -> Float {
    let conv = bs_mag(state_get_layer(ab, 4)) * 10000.0;
    let imp = bs_mag(state_get_layer(ab, 5)) * 10000.0;
    if imp < 1.0 { return 0.0; }
    return conv / imp;
}

// Deactivate test
pub fn ab_deactivate(ab: State) -> State {
    return state_set_layer(ab, 6, bs_from_mag_clamped(0.0));
}

// Check if test is active
pub fn ab_is_active(ab: State) -> Bool {
    return bs_mag(state_get_layer(ab, 6)) > 0.5;
}

// Route request to variant
pub fn ab_route(ab: State, random_val: Float) -> Int {
    let threshold = bs_mag(state_get_layer(ab, 1));
    if random_val < threshold {
        return 0;  // Variant A
    }
    return 1;  // Variant B
}

// =============================================================================
// Deployment Pipeline
// =============================================================================

// Pipeline stage
pub fn STAGE_BUILD() -> Int { return 0; }
pub fn STAGE_TEST() -> Int { return 1; }
pub fn STAGE_VALIDATE() -> Int { return 2; }
pub fn STAGE_DEPLOY() -> Int { return 3; }
pub fn STAGE_MONITOR() -> Int { return 4; }

// Pipeline state layout:
// Layer 0: current stage
// Layer 1: build status (0=pending, 1=running, 2=success, 3=failed)
// Layer 2: test status
// Layer 3: validate status
// Layer 4: deploy status

// Create pipeline
pub fn pipeline_create() -> State {
    let pipeline = state_vacuum();
    let pipeline = state_set_layer(pipeline, 0, bs_from_mag_clamped(0.0));  // Build stage
    return pipeline;
}

// Update stage status
pub fn pipeline_set_status(pipeline: State, stage: Int, status: Int) -> State {
    let layer = stage + 1;
    return state_set_layer(pipeline, layer, bs_from_mag_clamped(float_from_int(status) / 4.0));
}

// Get stage status
pub fn pipeline_get_status(pipeline: State, stage: Int) -> Int {
    let layer = stage + 1;
    return int_from_float(bs_mag(state_get_layer(pipeline, layer)) * 4.0);
}

// Advance to next stage
pub fn pipeline_advance(pipeline: State) -> State {
    let current = int_from_float(bs_mag(state_get_layer(pipeline, 0)) * 8.0);
    let next = current + 1;
    if next > 4 { let next = 4; }
    return state_set_layer(pipeline, 0, bs_from_mag_clamped(float_from_int(next) / 8.0));
}

// Get current stage
pub fn pipeline_current_stage(pipeline: State) -> Int {
    return int_from_float(bs_mag(state_get_layer(pipeline, 0)) * 8.0);
}

// Status constants
pub fn PIPELINE_PENDING() -> Int { return 0; }
pub fn PIPELINE_RUNNING() -> Int { return 1; }
pub fn PIPELINE_SUCCESS() -> Int { return 2; }
pub fn PIPELINE_FAILED() -> Int { return 3; }

